INFO	?	main	2016-06-16T18:15:36.258Z	org.javacs.Main#connectToNode	Connected to parent using socket on port 55282
INFO	?	pool-1-thread-1	2016-06-16T18:15:36.415Z	org.javacs.JavaLanguageServer#doLint	Lint c:\Users\Petr\workspace\Hello\src\HelloWorld.java
SEVERE	?	pool-1-thread-1	2016-06-16T18:15:36.419Z	org.javacs.Main#lambda$run$0	Can't find configuration file for c:\Users\Petr\workspace\Hello\src\HelloWorld.java
org.javacs.ShowMessageException: Can't find configuration file for c:\Users\Petr\workspace\Hello\src\HelloWorld.java
	at org.javacs.ShowMessageException.create(ShowMessageException.java:29)
	at org.javacs.ShowMessageException.warning(ShowMessageException.java:20)
	at org.javacs.JavaLanguageServer$1.didOpen(JavaLanguageServer.java:184)
	at io.typefox.lsapi.services.json.LanguageServerToJsonAdapter._doAccept(LanguageServerToJsonAdapter.java:375)
	at io.typefox.lsapi.services.json.LanguageServerToJsonAdapter.doAccept(LanguageServerToJsonAdapter.java:485)
	at io.typefox.lsapi.services.json.LanguageServerToJsonAdapter.accept(LanguageServerToJsonAdapter.java:178)
	at io.typefox.lsapi.services.json.LanguageServerProtocol.handleMessage(LanguageServerProtocol.java:293)
	at io.typefox.lsapi.services.json.LanguageServerProtocol$IOHandler.handleMessage(LanguageServerProtocol.java:217)
	at io.typefox.lsapi.services.json.LanguageServerProtocol$IOHandler.run(LanguageServerProtocol.java:123)
	at io.typefox.lsapi.services.json.LanguageServerProtocol$IOHandler.run(LanguageServerProtocol.java:75)
	at java.util.concurrent.Executors$RunnableAdapter.call(Unknown Source)
	at java.util.concurrent.FutureTask.run(Unknown Source)
	at java.util.concurrent.ThreadPoolExecutor.runWorker(Unknown Source)
	at java.util.concurrent.ThreadPoolExecutor$Worker.run(Unknown Source)
	at java.lang.Thread.run(Unknown Source)
Caused by: org.javacs.NoJavaConfigException: Can't find configuration file for c:\Users\Petr\workspace\Hello\src\HelloWorld.java
	at org.javacs.JavaLanguageServer.lambda$findCompiler$20(JavaLanguageServer.java:443)
	at java.util.Optional.orElseThrow(Unknown Source)
	at org.javacs.JavaLanguageServer.findCompiler(JavaLanguageServer.java:443)
	at org.javacs.JavaLanguageServer.doLint(JavaLanguageServer.java:291)
	at org.javacs.JavaLanguageServer.access$300(JavaLanguageServer.java:25)
	at org.javacs.JavaLanguageServer$1.didOpen(JavaLanguageServer.java:181)
	... 12 more

